# JRE version: 7.0_25-b17
# Java VM: Java HotSpot(TM) 64-Bit Server VM (23.25-b01 mixed mode windows-amd64 compressed oops)
Heap
 PSYoungGen      total 18880K, used 5441K [0x00000000eaeb0000, 0x00000000ec3c0000, 0x0000000100000000)
  eden space 16192K, 17% used [0x00000000eaeb0000,0x00000000eb1645e8,0x00000000ebe80000)
  from space 2688K, 99% used [0x00000000ebe80000,0x00000000ec11c020,0x00000000ec120000)
  to   space 2688K, 0% used [0x00000000ec120000,0x00000000ec120000,0x00000000ec3c0000)
 ParOldGen       total 43136K, used 10545K [0x00000000c0c00000, 0x00000000c3620000, 0x00000000eaeb0000)
  object space 43136K, 24% used [0x00000000c0c00000,0x00000000c164c540,0x00000000c3620000)
 PSPermGen       total 24896K, used 24727K [0x00000000bba00000, 0x00000000bd250000, 0x00000000c0c00000)
  object space 24896K, 99% used [0x00000000bba00000,0x00000000bd225ca0,0x00000000bd250000)
GC Heap History (10 events):
Event: 5.766 GC heap before
{Heap before GC invocations=1 (full 0):
 PSYoungGen      total 18880K, used 16192K [0x00000000eaeb0000, 0x00000000ec3c0000, 0x0000000100000000)
  eden space 16192K, 100% used [0x00000000eaeb0000,0x00000000ebe80000,0x00000000ebe80000)
  from space 2688K, 0% used [0x00000000ec120000,0x00000000ec120000,0x00000000ec3c0000)
  to   space 2688K, 0% used [0x00000000ebe80000,0x00000000ebe80000,0x00000000ec120000)
 ParOldGen       total 43136K, used 0K [0x00000000c0c00000, 0x00000000c3620000, 0x00000000eaeb0000)
  object space 43136K, 0% used [0x00000000c0c00000,0x00000000c0c00000,0x00000000c3620000)
 PSPermGen       total 21248K, used 11102K [0x00000000bba00000, 0x00000000bcec0000, 0x00000000c0c00000)
  object space 21248K, 52% used [0x00000000bba00000,0x00000000bc4d7870,0x00000000bcec0000)
Event: 5.784 GC heap after
Heap after GC invocations=1 (full 0):
 PSYoungGen      total 18880K, used 2620K [0x00000000eaeb0000, 0x00000000ec3c0000, 0x0000000100000000)
  eden space 16192K, 0% used [0x00000000eaeb0000,0x00000000eaeb0000,0x00000000ebe80000)
  from space 2688K, 97% used [0x00000000ebe80000,0x00000000ec10f040,0x00000000ec120000)
  to   space 2688K, 0% used [0x00000000ec120000,0x00000000ec120000,0x00000000ec3c0000)
 ParOldGen       total 43136K, used 0K [0x00000000c0c00000, 0x00000000c3620000, 0x00000000eaeb0000)
  object space 43136K, 0% used [0x00000000c0c00000,0x00000000c0c00000,0x00000000c3620000)
 PSPermGen       total 21248K, used 11102K [0x00000000bba00000, 0x00000000bcec0000, 0x00000000c0c00000)
  object space 21248K, 52% used [0x00000000bba00000,0x00000000bc4d7870,0x00000000bcec0000)
}
Event: 14.709 GC heap before
{Heap before GC invocations=2 (full 0):
 PSYoungGen      total 18880K, used 18812K [0x00000000eaeb0000, 0x00000000ec3c0000, 0x0000000100000000)
  eden space 16192K, 100% used [0x00000000eaeb0000,0x00000000ebe80000,0x00000000ebe80000)
  from space 2688K, 97% used [0x00000000ebe80000,0x00000000ec10f040,0x00000000ec120000)
  to   space 2688K, 0% used [0x00000000ec120000,0x00000000ec120000,0x00000000ec3c0000)
 ParOldGen       total 43136K, used 0K [0x00000000c0c00000, 0x00000000c3620000, 0x00000000eaeb0000)
  object space 43136K, 0% used [0x00000000c0c00000,0x00000000c0c00000,0x00000000c3620000)
 PSPermGen       total 21248K, used 19485K [0x00000000bba00000, 0x00000000bcec0000, 0x00000000c0c00000)
  object space 21248K, 91% used [0x00000000bba00000,0x00000000bcd07658,0x00000000bcec0000)
Event: 14.736 GC heap after
Heap after GC invocations=2 (full 0):
 PSYoungGen      total 18880K, used 2686K [0x00000000eaeb0000, 0x00000000ec3c0000, 0x0000000100000000)
  eden space 16192K, 0% used [0x00000000eaeb0000,0x00000000eaeb0000,0x00000000ebe80000)
  from space 2688K, 99% used [0x00000000ec120000,0x00000000ec3bf8e8,0x00000000ec3c0000)
  to   space 2688K, 0% used [0x00000000ebe80000,0x00000000ebe80000,0x00000000ec120000)
 ParOldGen       total 43136K, used 2774K [0x00000000c0c00000, 0x00000000c3620000, 0x00000000eaeb0000)
  object space 43136K, 6% used [0x00000000c0c00000,0x00000000c0eb5940,0x00000000c3620000)
 PSPermGen       total 21248K, used 19485K [0x00000000bba00000, 0x00000000bcec0000, 0x00000000c0c00000)
  object space 21248K, 91% used [0x00000000bba00000,0x00000000bcd07658,0x00000000bcec0000)
}
Event: 16.108 GC heap before
{Heap before GC invocations=3 (full 0):
 PSYoungGen      total 18880K, used 18878K [0x00000000eaeb0000, 0x00000000ec3c0000, 0x0000000100000000)
  eden space 16192K, 100% used [0x00000000eaeb0000,0x00000000ebe80000,0x00000000ebe80000)
  from space 2688K, 99% used [0x00000000ec120000,0x00000000ec3bf8e8,0x00000000ec3c0000)
  to   space 2688K, 0% used [0x00000000ebe80000,0x00000000ebe80000,0x00000000ec120000)
 ParOldGen       total 43136K, used 2774K [0x00000000c0c00000, 0x00000000c3620000, 0x00000000eaeb0000)
  object space 43136K, 6% used [0x00000000c0c00000,0x00000000c0eb5940,0x00000000c3620000)
 PSPermGen       total 23168K, used 23038K [0x00000000bba00000, 0x00000000bd0a0000, 0x00000000c0c00000)
  object space 23168K, 99% used [0x00000000bba00000,0x00000000bd07f8d8,0x00000000bd0a0000)
Event: 16.136 GC heap after
Heap after GC invocations=3 (full 0):
 PSYoungGen      total 18880K, used 2684K [0x00000000eaeb0000, 0x00000000ec3c0000, 0x0000000100000000)
  eden space 16192K, 0% used [0x00000000eaeb0000,0x00000000eaeb0000,0x00000000ebe80000)
  from space 2688K, 99% used [0x00000000ebe80000,0x00000000ec11f020,0x00000000ec120000)
  to   space 2688K, 0% used [0x00000000ec120000,0x00000000ec120000,0x00000000ec3c0000)
 ParOldGen       total 43136K, used 5883K [0x00000000c0c00000, 0x00000000c3620000, 0x00000000eaeb0000)
  object space 43136K, 13% used [0x00000000c0c00000,0x00000000c11bed00,0x00000000c3620000)
 PSPermGen       total 23168K, used 23038K [0x00000000bba00000, 0x00000000bd0a0000, 0x00000000c0c00000)
  object space 23168K, 99% used [0x00000000bba00000,0x00000000bd07f8d8,0x00000000bd0a0000)
}
Event: 16.647 GC heap before
{Heap before GC invocations=4 (full 0):
 PSYoungGen      total 18880K, used 18876K [0x00000000eaeb0000, 0x00000000ec3c0000, 0x0000000100000000)
  eden space 16192K, 100% used [0x00000000eaeb0000,0x00000000ebe80000,0x00000000ebe80000)
  from space 2688K, 99% used [0x00000000ebe80000,0x00000000ec11f020,0x00000000ec120000)
  to   space 2688K, 0% used [0x00000000ec120000,0x00000000ec120000,0x00000000ec3c0000)
 ParOldGen       total 43136K, used 5883K [0x00000000c0c00000, 0x00000000c3620000, 0x00000000eaeb0000)
  object space 43136K, 13% used [0x00000000c0c00000,0x00000000c11bed00,0x00000000c3620000)
 PSPermGen       total 23552K, used 23374K [0x00000000bba00000, 0x00000000bd100000, 0x00000000c0c00000)
  object space 23552K, 99% used [0x00000000bba00000,0x00000000bd0d38a0,0x00000000bd100000)
Event: 16.668 GC heap after
Heap after GC invocations=4 (full 0):
 PSYoungGen      total 18880K, used 2684K [0x00000000eaeb0000, 0x00000000ec3c0000, 0x0000000100000000)
  eden space 16192K, 0% used [0x00000000eaeb0000,0x00000000eaeb0000,0x00000000ebe80000)
  from space 2688K, 99% used [0x00000000ec120000,0x00000000ec3bf010,0x00000000ec3c0000)
  to   space 2688K, 0% used [0x00000000ebe80000,0x00000000ebe80000,0x00000000ec120000)
 ParOldGen       total 43136K, used 6468K [0x00000000c0c00000, 0x00000000c3620000, 0x00000000eaeb0000)
  object space 43136K, 14% used [0x00000000c0c00000,0x00000000c12512e0,0x00000000c3620000)
 PSPermGen       total 23552K, used 23374K [0x00000000bba00000, 0x00000000bd100000, 0x00000000c0c00000)
  object space 23552K, 99% used [0x00000000bba00000,0x00000000bd0d38a0,0x00000000bd100000)
}
Event: 18.034 GC heap before
{Heap before GC invocations=5 (full 0):
 PSYoungGen      total 18880K, used 18876K [0x00000000eaeb0000, 0x00000000ec3c0000, 0x0000000100000000)
  eden space 16192K, 100% used [0x00000000eaeb0000,0x00000000ebe80000,0x00000000ebe80000)
  from space 2688K, 99% used [0x00000000ec120000,0x00000000ec3bf010,0x00000000ec3c0000)
  to   space 2688K, 0% used [0x00000000ebe80000,0x00000000ebe80000,0x00000000ec120000)
 ParOldGen       total 43136K, used 6468K [0x00000000c0c00000, 0x00000000c3620000, 0x00000000eaeb0000)
  object space 43136K, 14% used [0x00000000c0c00000,0x00000000c12512e0,0x00000000c3620000)
 PSPermGen       total 24896K, used 24709K [0x00000000bba00000, 0x00000000bd250000, 0x00000000c0c00000)
  object space 24896K, 99% used [0x00000000bba00000,0x00000000bd2217b0,0x00000000bd250000)
Event: 18.056 GC heap after
Heap after GC invocations=5 (full 0):
 PSYoungGen      total 18880K, used 2672K [0x00000000eaeb0000, 0x00000000ec3c0000, 0x0000000100000000)
  eden space 16192K, 0% used [0x00000000eaeb0000,0x00000000eaeb0000,0x00000000ebe80000)
  from space 2688K, 99% used [0x00000000ebe80000,0x00000000ec11c020,0x00000000ec120000)
  to   space 2688K, 0% used [0x00000000ec120000,0x00000000ec120000,0x00000000ec3c0000)
 ParOldGen       total 43136K, used 10545K [0x00000000c0c00000, 0x00000000c3620000, 0x00000000eaeb0000)
  object space 43136K, 24% used [0x00000000c0c00000,0x00000000c164c540,0x00000000c3620000)
 PSPermGen       total 24896K, used 24709K [0x00000000bba00000, 0x00000000bd250000, 0x00000000c0c00000)
  object space 24896K, 99% used [0x00000000bba00000,0x00000000bd2217b0,0x00000000bd250000)
}

