# JRE version: 7.0_25-b17
# Java VM: Java HotSpot(TM) 64-Bit Server VM (23.25-b01 mixed mode windows-amd64 compressed oops)
Heap
 PSYoungGen      total 18880K, used 6633K [0x00000000eaeb0000, 0x00000000ec3c0000, 0x0000000100000000)
  eden space 16192K, 24% used [0x00000000eaeb0000,0x00000000eb28b6b8,0x00000000ebe80000)
  from space 2688K, 99% used [0x00000000ebe80000,0x00000000ec11f040,0x00000000ec120000)
  to   space 2688K, 0% used [0x00000000ec120000,0x00000000ec120000,0x00000000ec3c0000)
 ParOldGen       total 43136K, used 5874K [0x00000000c0c00000, 0x00000000c3620000, 0x00000000eaeb0000)
  object space 43136K, 13% used [0x00000000c0c00000,0x00000000c11bca50,0x00000000c3620000)
 PSPermGen       total 23360K, used 23189K [0x00000000bba00000, 0x00000000bd0d0000, 0x00000000c0c00000)
  object space 23360K, 99% used [0x00000000bba00000,0x00000000bd0a57b0,0x00000000bd0d0000)
GC Heap History (6 events):
Event: 15.081 GC heap before
{Heap before GC invocations=1 (full 0):
 PSYoungGen      total 18880K, used 16192K [0x00000000eaeb0000, 0x00000000ec3c0000, 0x0000000100000000)
  eden space 16192K, 100% used [0x00000000eaeb0000,0x00000000ebe80000,0x00000000ebe80000)
  from space 2688K, 0% used [0x00000000ec120000,0x00000000ec120000,0x00000000ec3c0000)
  to   space 2688K, 0% used [0x00000000ebe80000,0x00000000ebe80000,0x00000000ec120000)
 ParOldGen       total 43136K, used 0K [0x00000000c0c00000, 0x00000000c3620000, 0x00000000eaeb0000)
  object space 43136K, 0% used [0x00000000c0c00000,0x00000000c0c00000,0x00000000c3620000)
 PSPermGen       total 21248K, used 11104K [0x00000000bba00000, 0x00000000bcec0000, 0x00000000c0c00000)
  object space 21248K, 52% used [0x00000000bba00000,0x00000000bc4d80e8,0x00000000bcec0000)
Event: 15.098 GC heap after
Heap after GC invocations=1 (full 0):
 PSYoungGen      total 18880K, used 2604K [0x00000000eaeb0000, 0x00000000ec3c0000, 0x0000000100000000)
  eden space 16192K, 0% used [0x00000000eaeb0000,0x00000000eaeb0000,0x00000000ebe80000)
  from space 2688K, 96% used [0x00000000ebe80000,0x00000000ec10b030,0x00000000ec120000)
  to   space 2688K, 0% used [0x00000000ec120000,0x00000000ec120000,0x00000000ec3c0000)
 ParOldGen       total 43136K, used 0K [0x00000000c0c00000, 0x00000000c3620000, 0x00000000eaeb0000)
  object space 43136K, 0% used [0x00000000c0c00000,0x00000000c0c00000,0x00000000c3620000)
 PSPermGen       total 21248K, used 11104K [0x00000000bba00000, 0x00000000bcec0000, 0x00000000c0c00000)
  object space 21248K, 52% used [0x00000000bba00000,0x00000000bc4d80e8,0x00000000bcec0000)
}
Event: 24.767 GC heap before
{Heap before GC invocations=2 (full 0):
 PSYoungGen      total 18880K, used 18796K [0x00000000eaeb0000, 0x00000000ec3c0000, 0x0000000100000000)
  eden space 16192K, 100% used [0x00000000eaeb0000,0x00000000ebe80000,0x00000000ebe80000)
  from space 2688K, 96% used [0x00000000ebe80000,0x00000000ec10b030,0x00000000ec120000)
  to   space 2688K, 0% used [0x00000000ec120000,0x00000000ec120000,0x00000000ec3c0000)
 ParOldGen       total 43136K, used 0K [0x00000000c0c00000, 0x00000000c3620000, 0x00000000eaeb0000)
  object space 43136K, 0% used [0x00000000c0c00000,0x00000000c0c00000,0x00000000c3620000)
 PSPermGen       total 21248K, used 19468K [0x00000000bba00000, 0x00000000bcec0000, 0x00000000c0c00000)
  object space 21248K, 91% used [0x00000000bba00000,0x00000000bcd032f0,0x00000000bcec0000)
Event: 24.795 GC heap after
Heap after GC invocations=2 (full 0):
 PSYoungGen      total 18880K, used 2686K [0x00000000eaeb0000, 0x00000000ec3c0000, 0x0000000100000000)
  eden space 16192K, 0% used [0x00000000eaeb0000,0x00000000eaeb0000,0x00000000ebe80000)
  from space 2688K, 99% used [0x00000000ec120000,0x00000000ec3bf8e8,0x00000000ec3c0000)
  to   space 2688K, 0% used [0x00000000ebe80000,0x00000000ebe80000,0x00000000ec120000)
 ParOldGen       total 43136K, used 2746K [0x00000000c0c00000, 0x00000000c3620000, 0x00000000eaeb0000)
  object space 43136K, 6% used [0x00000000c0c00000,0x00000000c0eae858,0x00000000c3620000)
 PSPermGen       total 21248K, used 19468K [0x00000000bba00000, 0x00000000bcec0000, 0x00000000c0c00000)
  object space 21248K, 91% used [0x00000000bba00000,0x00000000bcd032f0,0x00000000bcec0000)
}
Event: 26.070 GC heap before
{Heap before GC invocations=3 (full 0):
 PSYoungGen      total 18880K, used 18878K [0x00000000eaeb0000, 0x00000000ec3c0000, 0x0000000100000000)
  eden space 16192K, 100% used [0x00000000eaeb0000,0x00000000ebe80000,0x00000000ebe80000)
  from space 2688K, 99% used [0x00000000ec120000,0x00000000ec3bf8e8,0x00000000ec3c0000)
  to   space 2688K, 0% used [0x00000000ebe80000,0x00000000ebe80000,0x00000000ec120000)
 ParOldGen       total 43136K, used 2746K [0x00000000c0c00000, 0x00000000c3620000, 0x00000000eaeb0000)
  object space 43136K, 6% used [0x00000000c0c00000,0x00000000c0eae858,0x00000000c3620000)
 PSPermGen       total 23168K, used 23012K [0x00000000bba00000, 0x00000000bd0a0000, 0x00000000c0c00000)
  object space 23168K, 99% used [0x00000000bba00000,0x00000000bd0790d8,0x00000000bd0a0000)
Event: 26.100 GC heap after
Heap after GC invocations=3 (full 0):
 PSYoungGen      total 18880K, used 2684K [0x00000000eaeb0000, 0x00000000ec3c0000, 0x0000000100000000)
  eden space 16192K, 0% used [0x00000000eaeb0000,0x00000000eaeb0000,0x00000000ebe80000)
  from space 2688K, 99% used [0x00000000ebe80000,0x00000000ec11f040,0x00000000ec120000)
  to   space 2688K, 0% used [0x00000000ec120000,0x00000000ec120000,0x00000000ec3c0000)
 ParOldGen       total 43136K, used 5874K [0x00000000c0c00000, 0x00000000c3620000, 0x00000000eaeb0000)
  object space 43136K, 13% used [0x00000000c0c00000,0x00000000c11bca50,0x00000000c3620000)
 PSPermGen       total 23168K, used 23012K [0x00000000bba00000, 0x00000000bd0a0000, 0x00000000c0c00000)
  object space 23168K, 99% used [0x00000000bba00000,0x00000000bd0790d8,0x00000000bd0a0000)
}

